SF:lib\main.dart
DA:6,0
DA:7,0
DA:8,0
DA:9,0
DA:14,0
DA:16,0
DA:20,0
DA:21,0
DA:22,0
DA:23,0
DA:26,0
DA:27,0
LF:12
LH:0
end_of_record
SF:lib\AnonPages\anon_clothing.dart
DA:5,0
DA:8,1
DA:9,0
DA:10,0
DA:18,0
DA:20,0
DA:22,0
DA:24,0
DA:25,0
DA:30,0
DA:31,0
DA:34,0
DA:40,0
DA:41,0
DA:45,0
DA:47,0
DA:50,0
DA:51,0
DA:53,0
DA:54,0
DA:55,0
DA:56,0
DA:57,0
DA:64,0
DA:67,0
DA:69,0
DA:70,0
DA:71,0
DA:73,0
DA:74,0
DA:75,0
DA:77,0
DA:78,0
DA:79,0
DA:80,0
DA:83,0
DA:86,0
DA:87,0
DA:90,0
DA:91,0
DA:92,0
DA:93,0
DA:95,0
DA:120,0
DA:121,0
DA:123,0
DA:124,0
DA:125,0
DA:126,0
DA:127,0
DA:128,0
DA:129,0
DA:130,0
DA:131,0
LF:54
LH:1
end_of_record
SF:lib\AnonPages\anon_homepage.dart
DA:8,0
DA:9,0
DA:10,0
DA:15,0
DA:17,0
DA:18,0
DA:21,0
DA:22,0
DA:23,0
DA:26,0
DA:27,0
DA:28,0
DA:31,0
DA:32,0
DA:33,0
DA:36,0
DA:37,0
DA:38,0
DA:39,0
DA:43,0
DA:44,0
DA:46,0
DA:59,0
DA:60,0
DA:63,0
DA:64,0
DA:65,0
DA:66,0
DA:70,0
DA:71,0
DA:73,0
DA:85,0
DA:86,0
DA:89,0
DA:90,0
DA:91,0
DA:92,0
DA:93,0
DA:96,0
DA:97,0
DA:99,0
DA:106,0
DA:107,0
DA:109,0
LF:44
LH:0
end_of_record
SF:lib\login_page.dart
DA:11,3
DA:13,0
DA:14,0
DA:27,0
DA:29,0
DA:31,0
DA:33,0
DA:34,0
DA:37,0
DA:42,0
DA:43,0
DA:46,0
DA:52,0
DA:53,0
DA:57,0
DA:59,0
DA:61,0
DA:62,0
DA:63,0
DA:66,0
DA:70,0
DA:71,0
DA:74,0
DA:80,0
DA:81,0
DA:85,0
DA:87,0
DA:90,0
DA:91,0
DA:92,0
DA:93,0
DA:94,0
DA:101,0
DA:104,0
DA:105,0
DA:106,0
DA:108,0
DA:109,0
DA:110,0
DA:111,0
DA:114,0
DA:117,0
DA:118,0
DA:121,0
DA:122,0
DA:123,0
DA:124,0
DA:125,0
DA:127,0
DA:138,0
DA:139,0
DA:141,0
DA:142,0
DA:143,0
DA:144,0
DA:162,0
DA:164,0
DA:166,0
DA:167,0
DA:168,0
DA:192,0
DA:193,0
DA:194,0
DA:195,0
DA:196,0
DA:197,0
LF:66
LH:1
end_of_record
SF:lib\AnonPages\anon_shower.dart
DA:5,0
DA:10,1
DA:11,0
DA:12,0
DA:20,0
DA:22,0
DA:24,0
DA:26,0
DA:27,0
DA:32,0
DA:33,0
DA:36,0
DA:42,0
DA:43,0
DA:47,0
DA:49,0
DA:52,0
DA:53,0
DA:55,0
DA:56,0
DA:57,0
DA:58,0
DA:59,0
DA:66,0
DA:69,0
DA:71,0
DA:72,0
DA:73,0
DA:75,0
DA:76,0
DA:77,0
DA:79,0
DA:80,0
DA:81,0
DA:82,0
DA:85,0
DA:88,0
DA:89,0
DA:92,0
DA:93,0
DA:94,0
DA:95,0
DA:97,0
DA:122,0
DA:123,0
DA:125,0
DA:126,0
DA:127,0
DA:128,0
DA:129,0
DA:130,0
DA:131,0
DA:132,0
DA:133,0
LF:54
LH:1
end_of_record
SF:lib\AnonPages\help_page.dart
DA:3,1
DA:4,0
DA:5,0
DA:9,0
DA:11,0
DA:12,0
DA:17,0
DA:18,0
DA:19,0
DA:20,0
DA:23,0
DA:24,0
DA:25,0
DA:26,0
DA:28,0
DA:29,0
DA:31,0
DA:32,0
DA:34,0
DA:35,0
DA:37,0
DA:38,0
DA:40,0
DA:41,0
DA:43,0
DA:44,0
DA:46,0
DA:47,0
DA:49,0
DA:50,0
DA:52,0
DA:53,0
DA:55,0
DA:56,0
DA:59,0
DA:60,0
DA:63,0
DA:64,0
DA:67,0
DA:68,0
LF:40
LH:1
end_of_record
SF:lib\GuestPages\guest_clothing.dart
DA:7,1
DA:8,0
DA:9,0
DA:13,0
DA:15,0
DA:16,0
DA:21,0
DA:22,0
DA:25,0
DA:26,0
DA:27,0
DA:28,0
DA:29,0
DA:30,0
DA:34,0
DA:44,0
DA:45,0
DA:46,0
DA:47,0
DA:48,0
DA:52,0
DA:69,0
DA:71,0
DA:73,0
DA:74,0
DA:75,0
DA:76,0
DA:77,0
DA:78,0
DA:80,0
DA:81,0
DA:82,0
DA:89,0
DA:92,0
DA:94,0
DA:98,0
DA:101,0
DA:102,0
DA:103,0
DA:104,0
DA:105,0
DA:106,0
DA:107,0
DA:108,0
LF:44
LH:1
end_of_record
SF:lib\GuestPages\guest_homepage.dart
DA:8,1
DA:9,0
DA:10,0
DA:15,0
DA:17,0
DA:18,0
DA:21,0
DA:22,0
DA:23,0
DA:26,0
DA:27,0
DA:28,0
DA:31,0
DA:32,0
DA:33,0
DA:36,0
DA:37,0
DA:38,0
DA:39,0
DA:43,0
DA:44,0
DA:46,0
DA:59,0
DA:60,0
DA:63,0
DA:64,0
DA:65,0
DA:66,0
DA:70,0
DA:71,0
DA:73,0
DA:85,0
DA:86,0
DA:89,0
DA:90,0
DA:91,0
DA:92,0
DA:93,0
DA:96,0
DA:97,0
DA:99,0
DA:106,0
DA:107,0
DA:109,0
LF:44
LH:1
end_of_record
SF:lib\GuestPages\guest_shower.dart
DA:7,1
DA:8,0
DA:9,0
DA:13,0
DA:15,0
DA:16,0
DA:21,0
DA:22,0
DA:25,0
DA:26,0
DA:27,0
DA:28,0
DA:29,0
DA:30,0
DA:34,0
DA:44,0
DA:45,0
DA:46,0
DA:47,0
DA:48,0
DA:52,0
DA:69,0
DA:70,0
DA:72,0
DA:77,0
DA:80,0
DA:81,0
DA:82,0
DA:83,0
DA:84,0
DA:85,0
DA:87,0
DA:88,0
DA:89,0
DA:95,0
DA:98,0
DA:101,0
DA:103,0
DA:107,0
DA:110,0
DA:111,0
DA:112,0
DA:113,0
DA:114,0
DA:115,0
DA:116,0
DA:117,0
LF:47
LH:1
end_of_record
SF:lib\GuestPages\help_page.dart
DA:3,2
DA:4,0
DA:5,0
DA:9,0
DA:11,0
DA:12,0
DA:17,0
DA:18,0
DA:19,0
DA:20,0
DA:23,0
DA:24,0
DA:25,0
DA:26,0
DA:28,0
DA:29,0
DA:31,0
DA:32,0
DA:34,0
DA:35,0
DA:37,0
DA:38,0
DA:40,0
DA:41,0
DA:43,0
DA:44,0
DA:46,0
DA:47,0
DA:49,0
DA:50,0
DA:52,0
DA:53,0
DA:55,0
DA:56,0
DA:59,0
DA:60,0
DA:63,0
DA:64,0
DA:67,0
DA:68,0
LF:40
LH:1
end_of_record
SF:lib\GuestPages\guest_signup.dart
DA:11,0
DA:12,0
DA:24,2
DA:26,0
DA:27,0
DA:43,0
DA:46,0
DA:48,0
DA:50,0
DA:51,0
DA:52,0
DA:55,0
DA:60,0
DA:61,0
DA:64,0
DA:70,0
DA:71,0
DA:75,0
DA:77,0
DA:79,0
DA:80,0
DA:81,0
DA:84,0
DA:89,0
DA:90,0
DA:93,0
DA:99,0
DA:100,0
DA:104,0
DA:106,0
DA:108,0
DA:109,0
DA:112,0
DA:117,0
DA:118,0
DA:121,0
DA:127,0
DA:128,0
DA:132,0
DA:134,0
DA:136,0
DA:137,0
DA:138,0
DA:141,0
DA:146,0
DA:147,0
DA:150,0
DA:156,0
DA:157,0
DA:161,0
DA:163,0
DA:165,0
DA:166,0
DA:171,0
DA:172,0
DA:175,0
DA:181,0
DA:182,0
DA:186,0
DA:188,0
DA:191,0
DA:192,0
DA:193,0
DA:194,0
DA:195,0
DA:202,0
DA:205,0
DA:206,0
DA:207,0
DA:209,0
DA:210,0
DA:211,0
DA:212,0
DA:215,0
DA:218,0
DA:219,0
DA:222,0
DA:223,0
DA:224,0
DA:225,0
DA:226,0
DA:228,0
DA:245,0
DA:246,0
DA:248,0
DA:249,0
DA:250,0
DA:251,0
DA:278,0
DA:279,0
DA:280,0
DA:281,0
DA:282,0
DA:287,0
DA:288,0
DA:289,0
DA:291,0
DA:293,0
DA:294,0
DA:295,0
DA:296,0
DA:297,0
DA:299,0
DA:300,0
DA:301,0
DA:302,0
DA:304,0
DA:305,0
LF:108
LH:1
end_of_record
SF:lib\model\user_model.dart
DA:10,0
DA:12,0
DA:13,0
DA:14,0
DA:15,0
DA:16,0
DA:17,0
DA:18,0
DA:22,0
DA:23,0
DA:24,0
DA:25,0
DA:26,0
DA:27,0
DA:28,0
LF:15
LH:0
end_of_record
SF:lib\UI\input_field.dart
DA:7,0
DA:9,0
DA:10,0
DA:17,0
DA:19,0
DA:21,0
DA:23,0
DA:25,0
DA:27,0
DA:28,0
DA:30,0
DA:32,0
DA:41,0
DA:43,0
DA:44,0
DA:46,0
DA:48,0
DA:49,0
DA:51,0
LF:19
LH:0
end_of_record
SF:lib\StaffPages\staff_clothing.dart
DA:4,1
DA:5,0
DA:6,0
DA:10,0
DA:12,0
DA:13,0
DA:18,0
DA:19,0
DA:22,0
DA:23,0
DA:24,0
DA:25,0
DA:26,0
DA:27,0
DA:31,0
DA:41,0
DA:42,0
DA:43,0
DA:44,0
DA:45,0
DA:49,0
LF:21
LH:1
end_of_record
SF:lib\StaffPages\staff_homepage.dart
DA:6,0
DA:7,0
DA:8,0
DA:12,0
DA:14,0
DA:15,0
DA:19,0
DA:20,0
DA:21,0
DA:24,0
DA:25,0
DA:26,0
DA:29,0
DA:30,0
DA:31,0
DA:32,0
DA:33,0
DA:34,0
DA:37,0
DA:38,0
DA:40,0
DA:41,0
DA:45,0
DA:47,0
DA:53,0
DA:54,0
DA:57,0
DA:58,0
DA:59,0
DA:60,0
DA:61,0
DA:62,0
DA:65,0
DA:66,0
DA:68,0
DA:69,0
DA:73,0
DA:75,0
DA:82,0
DA:83,0
DA:86,0
DA:105,0
DA:106,0
DA:109,0
DA:128,0
DA:129,0
DA:132,0
DA:133,0
DA:134,0
DA:135,0
DA:136,0
DA:139,0
DA:140,0
DA:142,0
DA:146,0
DA:148,0
LF:56
LH:0
end_of_record
SF:lib\StaffPages\staff_shower.dart
DA:4,1
DA:5,0
DA:6,0
DA:10,0
DA:12,0
DA:13,0
DA:18,0
DA:19,0
DA:22,0
DA:23,0
DA:24,0
DA:25,0
DA:26,0
DA:27,0
DA:31,0
DA:41,0
DA:42,0
DA:43,0
DA:44,0
DA:45,0
DA:49,0
LF:21
LH:1
end_of_record
